<?xml version="1.0" encoding="UTF-8"?>
<!-- Generated by org.testng.reporters.JUnitReportReporter -->
<testsuite skipped="0" hostname="SONY-PC" name="E2EFrameWork.LoginPage" tests="1" failures="0" timestamp="27 Jul 2020 11:22:05 GMT" time="1.347" errors="0">
  <testcase name="LoginPage" time="1.347" classname="E2EFrameWork.LoginPage"/>
</testsuite> <!-- E2EFrameWork.LoginPage -->
