<?xml version="1.0" encoding="UTF-8"?>
<!-- Generated by org.testng.reporters.JUnitReportReporter -->
<testsuite skipped="0" hostname="SONY-PC" name="E2EFrameWork.ValidateTitleTest" tests="1" failures="0" timestamp="2020-07-27T17:09:56 IST" time="0.164" errors="0">
  <testcase name="ValiteTitleTest" time="0.164" classname="E2EFrameWork.ValidateTitleTest"/>
  <system-out/>
</testsuite> <!-- E2EFrameWork.ValidateTitleTest -->
